# JRE version: OpenJDK Runtime Environment Microsoft-8035246 (17.0.8+7) (build 17.0.8+7-LTS)
# Java VM: OpenJDK 64-Bit Server VM Microsoft-8035246 (17.0.8+7-LTS, mixed mode, sharing, tiered, compressed oops, compressed class ptrs, g1 gc, windows-amd64)
GC Precious Log:
 CPUs: 8 total, 8 available
 Memory: 16263M
 Large Page Support: Disabled
 NUMA Support: Disabled
 Compressed Oops: Enabled (32-bit)
 Heap Region Size: 1M
 Heap Min Capacity: 8M
 Heap Initial Capacity: 256M
 Heap Max Capacity: 2G
 Pre-touch: Disabled
 Parallel Workers: 8
 Concurrent Workers: 2
 Concurrent Refinement Workers: 8
 Periodic GC: Disabled
Heap:
 garbage-first heap   total 406528K, used 326161K [0x0000000080000000, 0x0000000100000000)
  region size 1024K, 80 young (81920K), 9 survivors (9216K)
 Metaspace       used 111977K, committed 113280K, reserved 557056K
  class space    used 15504K, committed 16128K, reserved 425984K
GC Heap History (20 events):
Event: 24.441 GC heap before
{Heap before GC invocations=41 (full 0):
 garbage-first heap   total 406528K, used 280013K [0x0000000080000000, 0x0000000100000000)
  region size 1024K, 178 young (182272K), 1 survivors (1024K)
 Metaspace       used 92340K, committed 93248K, reserved 557056K
  class space    used 13078K, committed 13504K, reserved 425984K
}
Event: 24.453 GC heap after
{Heap after GC invocations=42 (full 0):
 garbage-first heap   total 406528K, used 106806K [0x0000000080000000, 0x0000000100000000)
  region size 1024K, 10 young (10240K), 10 survivors (10240K)
 Metaspace       used 92340K, committed 93248K, reserved 557056K
  class space    used 13078K, committed 13504K, reserved 425984K
}
Event: 27.238 GC heap before
{Heap before GC invocations=42 (full 0):
 garbage-first heap   total 406528K, used 312630K [0x0000000080000000, 0x0000000100000000)
  region size 1024K, 205 young (209920K), 10 survivors (10240K)
 Metaspace       used 99001K, committed 100032K, reserved 557056K
  class space    used 14025K, committed 14464K, reserved 425984K
}
Event: 27.265 GC heap after
{Heap after GC invocations=43 (full 0):
 garbage-first heap   total 406528K, used 143708K [0x0000000080000000, 0x0000000100000000)
  region size 1024K, 26 young (26624K), 26 survivors (26624K)
 Metaspace       used 99001K, committed 100032K, reserved 557056K
  class space    used 14025K, committed 14464K, reserved 425984K
}
Event: 28.907 GC heap before
{Heap before GC invocations=43 (full 0):
 garbage-first heap   total 406528K, used 305500K [0x0000000080000000, 0x0000000100000000)
  region size 1024K, 183 young (187392K), 26 survivors (26624K)
 Metaspace       used 102101K, committed 103168K, reserved 557056K
  class space    used 14436K, committed 14912K, reserved 425984K
}
Event: 28.934 GC heap after
{Heap after GC invocations=44 (full 0):
 garbage-first heap   total 406528K, used 168203K [0x0000000080000000, 0x0000000100000000)
  region size 1024K, 23 young (23552K), 23 survivors (23552K)
 Metaspace       used 102101K, committed 103168K, reserved 557056K
  class space    used 14436K, committed 14912K, reserved 425984K
}
Event: 30.821 GC heap before
{Heap before GC invocations=44 (full 0):
 garbage-first heap   total 406528K, used 310539K [0x0000000080000000, 0x0000000100000000)
  region size 1024K, 160 young (163840K), 23 survivors (23552K)
 Metaspace       used 107523K, committed 108672K, reserved 557056K
  class space    used 15151K, committed 15680K, reserved 425984K
}
Event: 30.848 GC heap after
{Heap after GC invocations=45 (full 0):
 garbage-first heap   total 406528K, used 191949K [0x0000000080000000, 0x0000000100000000)
  region size 1024K, 20 young (20480K), 20 survivors (20480K)
 Metaspace       used 107523K, committed 108672K, reserved 557056K
  class space    used 15151K, committed 15680K, reserved 425984K
}
Event: 32.055 GC heap before
{Heap before GC invocations=45 (full 0):
 garbage-first heap   total 406528K, used 311757K [0x0000000080000000, 0x0000000100000000)
  region size 1024K, 138 young (141312K), 20 survivors (20480K)
 Metaspace       used 109542K, committed 110784K, reserved 557056K
  class space    used 15324K, committed 15872K, reserved 425984K
}
Event: 32.080 GC heap after
{Heap after GC invocations=46 (full 0):
 garbage-first heap   total 406528K, used 209871K [0x0000000080000000, 0x0000000100000000)
  region size 1024K, 17 young (17408K), 17 survivors (17408K)
 Metaspace       used 109542K, committed 110784K, reserved 557056K
  class space    used 15324K, committed 15872K, reserved 425984K
}
Event: 32.761 GC heap before
{Heap before GC invocations=46 (full 0):
 garbage-first heap   total 406528K, used 324559K [0x0000000080000000, 0x0000000100000000)
  region size 1024K, 125 young (128000K), 17 survivors (17408K)
 Metaspace       used 111087K, committed 112320K, reserved 557056K
  class space    used 15418K, committed 16000K, reserved 425984K
}
Event: 32.784 GC heap after
{Heap after GC invocations=47 (full 0):
 garbage-first heap   total 406528K, used 221997K [0x0000000080000000, 0x0000000100000000)
  region size 1024K, 12 young (12288K), 12 survivors (12288K)
 Metaspace       used 111087K, committed 112320K, reserved 557056K
  class space    used 15418K, committed 16000K, reserved 425984K
}
Event: 33.409 GC heap before
{Heap before GC invocations=47 (full 0):
 garbage-first heap   total 406528K, used 326445K [0x0000000080000000, 0x0000000100000000)
  region size 1024K, 114 young (116736K), 12 survivors (12288K)
 Metaspace       used 111099K, committed 112320K, reserved 557056K
  class space    used 15418K, committed 16000K, reserved 425984K
}
Event: 33.421 GC heap after
{Heap after GC invocations=48 (full 0):
 garbage-first heap   total 406528K, used 226178K [0x0000000080000000, 0x0000000100000000)
  region size 1024K, 7 young (7168K), 7 survivors (7168K)
 Metaspace       used 111099K, committed 112320K, reserved 557056K
  class space    used 15418K, committed 16000K, reserved 425984K
}
Event: 34.194 GC heap before
{Heap before GC invocations=48 (full 0):
 garbage-first heap   total 406528K, used 343938K [0x0000000080000000, 0x0000000100000000)
  region size 1024K, 110 young (112640K), 7 survivors (7168K)
 Metaspace       used 111244K, committed 112512K, reserved 557056K
  class space    used 15428K, committed 16000K, reserved 425984K
}
Event: 34.203 GC heap after
{Heap after GC invocations=49 (full 0):
 garbage-first heap   total 406528K, used 237365K [0x0000000080000000, 0x0000000100000000)
  region size 1024K, 12 young (12288K), 12 survivors (12288K)
 Metaspace       used 111244K, committed 112512K, reserved 557056K
  class space    used 15428K, committed 16000K, reserved 425984K
}
Event: 34.753 GC heap before
{Heap before GC invocations=49 (full 0):
 garbage-first heap   total 406528K, used 352053K [0x0000000080000000, 0x0000000100000000)
  region size 1024K, 107 young (109568K), 12 survivors (12288K)
 Metaspace       used 111471K, committed 112704K, reserved 557056K
  class space    used 15441K, committed 16000K, reserved 425984K
}
Event: 34.766 GC heap after
{Heap after GC invocations=50 (full 0):
 garbage-first heap   total 406528K, used 238480K [0x0000000080000000, 0x0000000100000000)
  region size 1024K, 10 young (10240K), 10 survivors (10240K)
 Metaspace       used 111471K, committed 112704K, reserved 557056K
  class space    used 15441K, committed 16000K, reserved 425984K
}
Event: 35.534 GC heap before
{Heap before GC invocations=50 (full 0):
 garbage-first heap   total 406528K, used 347024K [0x0000000080000000, 0x0000000100000000)
  region size 1024K, 105 young (107520K), 10 survivors (10240K)
 Metaspace       used 111768K, committed 113088K, reserved 557056K
  class space    used 15474K, committed 16064K, reserved 425984K
}
Event: 35.552 GC heap after
{Heap after GC invocations=51 (full 0):
 garbage-first heap   total 406528K, used 249361K [0x0000000080000000, 0x0000000100000000)
  region size 1024K, 9 young (9216K), 9 survivors (9216K)
 Metaspace       used 111768K, committed 113088K, reserved 557056K
  class space    used 15474K, committed 16064K, reserved 425984K
}

